<?xml version="1.0" encoding="UTF-8"?>
<!-- Generated by org.testng.reporters.JUnitReportReporter -->
<testsuite hostname="Lemmy" failures="0" tests="60" name="tests.BankSiteTests" time="426.771" errors="0" timestamp="2026-09-08T23:18:15 CST" skipped="0">
  <testcase classname="tests.BankSiteTests" name="verifySiteLinkSantander" time="8.696"/>
  <testcase classname="tests.BankSiteTests" name="verifySiteLinkSantander" time="6.339"/>
  <testcase classname="tests.BankSiteTests" name="verifySiteLinkSantander" time="7.215"/>
  <testcase classname="tests.BankSiteTests" name="verifySiteLinkSantander" time="6.028"/>
  <testcase classname="tests.BankSiteTests" name="verifySiteLinkSantander" time="6.117"/>
  <testcase classname="tests.BankSiteTests" name="verifySiteLinkSantander" time="6.115"/>
  <testcase classname="tests.BankSiteTests" name="verifySiteLinkSantander" time="6.421"/>
  <testcase classname="tests.BankSiteTests" name="verifySiteLinkSantander" time="6.021"/>
  <testcase classname="tests.BankSiteTests" name="verifySiteLinkSantander" time="7.433"/>
  <testcase classname="tests.BankSiteTests" name="verifySiteLinkSantander" time="6.049"/>
  <testcase classname="tests.BankSiteTests" name="verifySiteLinkSantander" time="6.142"/>
  <testcase classname="tests.BankSiteTests" name="verifyBancaPrivada" time="6.128"/>
  <testcase classname="tests.BankSiteTests" name="verifySiteLinkSantander" time="6.491"/>
  <testcase classname="tests.BankSiteTests" name="verifySiteLinkSantander" time="8.757"/>
  <testcase classname="tests.BankSiteTests" name="verifySiteLinkSantander" time="6.327"/>
  <testcase classname="tests.BankSiteTests" name="verifySiteLinkSantander" time="6.707"/>
  <testcase classname="tests.BankSiteTests" name="verifySiteLinkSantander" time="8.975"/>
  <testcase classname="tests.BankSiteTests" name="verifySiteLinkSantander" time="6.826"/>
  <testcase classname="tests.BankSiteTests" name="verifySiteLinkSantander" time="5.687"/>
  <testcase classname="tests.BankSiteTests" name="verifySiteLinkSantander" time="6.226"/>
  <testcase classname="tests.BankSiteTests" name="verifySiteLinkSantander" time="6.148"/>
  <testcase classname="tests.BankSiteTests" name="verifySiteLinkSantander" time="6.288"/>
  <testcase classname="tests.BankSiteTests" name="verifySiteLinkSantander" time="6.060"/>
  <testcase classname="tests.BankSiteTests" name="verifySiteLinkSantander" time="6.198"/>
  <testcase classname="tests.BankSiteTests" name="verifySiteLinkSantander" time="6.294"/>
  <testcase classname="tests.BankSiteTests" name="verifySiteLinkSantander" time="7.200"/>
  <testcase classname="tests.BankSiteTests" name="verifySiteLinkSantander" time="7.265"/>
  <testcase classname="tests.BankSiteTests" name="verifySiteLinkSantander" time="6.144"/>
  <testcase classname="tests.BankSiteTests" name="verifySiteLinkSantander" time="7.038"/>
  <testcase classname="tests.BankSiteTests" name="verifySiteLinkSantander" time="9.266"/>
  <testcase classname="tests.BankSiteTests" name="verifySiteLinkSantander" time="6.465"/>
  <testcase classname="tests.BankSiteTests" name="verifySiteLinkSantander" time="5.716"/>
  <testcase classname="tests.BankSiteTests" name="verifySiteLinkSantander" time="9.785"/>
  <testcase classname="tests.BankSiteTests" name="verifyHazteCliente" time="6.036"/>
  <testcase classname="tests.BankSiteTests" name="verifySiteLinkSantander" time="6.402"/>
  <testcase classname="tests.BankSiteTests" name="verifySiteLinkSantander" time="6.329"/>
  <testcase classname="tests.BankSiteTests" name="verifySiteLinkSantander" time="6.350"/>
  <testcase classname="tests.BankSiteTests" name="verifySiteLinkSantander" time="12.734"/>
  <testcase classname="tests.BankSiteTests" name="verifySiteLinkSantander" time="6.239"/>
  <testcase classname="tests.BankSiteTests" name="verifySiteLinkSantander" time="8.046"/>
  <testcase classname="tests.BankSiteTests" name="verifySiteLinkSantander" time="20.343"/>
  <testcase classname="tests.BankSiteTests" name="verifySiteLinkSantander" time="6.313"/>
  <testcase classname="tests.BankSiteTests" name="verifySiteLinkSantander" time="5.674"/>
  <testcase classname="tests.BankSiteTests" name="verifySiteLinkSantander" time="8.367"/>
  <testcase classname="tests.BankSiteTests" name="verifySiteLinkSantander" time="6.145"/>
  <testcase classname="tests.BankSiteTests" name="verifySiteLinkSantander" time="6.171"/>
  <testcase classname="tests.BankSiteTests" name="verifySiteLinkSantander" time="6.278"/>
  <testcase classname="tests.BankSiteTests" name="verifySiteLinkSantander" time="6.809"/>
  <testcase classname="tests.BankSiteTests" name="verifySiteLinkSantander" time="7.202"/>
  <testcase classname="tests.BankSiteTests" name="verifySiteLinkSantander" time="6.734"/>
  <testcase classname="tests.BankSiteTests" name="verifySiteLinkSantander" time="7.572"/>
  <testcase classname="tests.BankSiteTests" name="verifySiteLinkSantander" time="7.153"/>
  <testcase classname="tests.BankSiteTests" name="verifySiteLinkSantander" time="6.660"/>
  <testcase classname="tests.BankSiteTests" name="verifySiteLinkSantander" time="7.449"/>
  <testcase classname="tests.BankSiteTests" name="verifySiteLinkSantander" time="7.640"/>
  <testcase classname="tests.BankSiteTests" name="verifySiteLinkSantander" time="7.743"/>
  <testcase classname="tests.BankSiteTests" name="verifySiteLinkSantander" time="7.653"/>
  <testcase classname="tests.BankSiteTests" name="verifySiteLinkSantander" time="5.905"/>
  <testcase classname="tests.BankSiteTests" name="verifySiteLinkSantander" time="6.192"/>
  <testcase classname="tests.BankSiteTests" name="verifySiteLinkSantander" time="6.065"/>
</testsuite> <!-- tests.BankSiteTests -->
