<?xml version="1.0" encoding="UTF-8"?>
<testsuite xmlns:xsi="http://www.w3.org/2001/XMLSchema-instance" xsi:noNamespaceSchemaLocation="https://maven.apache.org/surefire/maven-surefire-plugin/xsd/surefire-test-report.xsd" version="3.0.2" name="TestSuite" time="427.117" tests="60" errors="0" skipped="0" failures="0">
  <properties>
[...]
</properties>
  <testcase name="verifyBancaPrivada" classname="tests.BankSiteTests" time="2.013">
    <system-err><![CDATA[SLF4J: Failed to load class "org.slf4j.impl.StaticLoggerBinder".
SLF4J: Defaulting to no-operation (NOP) logger implementation
SLF4J: See http://www.slf4j.org/codes.html#StaticLoggerBinder for further details.
]]></system-err>
  </testcase>
  <testcase name="verifyHazteCliente" classname="tests.BankSiteTests" time="1.866"/>
  <testcase name="verifySiteLinkSantander[Personas, tarjetas-de-credito/, tarjetas-de-credito](1)" classname="tests.BankSiteTests" time="1.483"/>
  <testcase name="verifySiteLinkSantander[Personas, creditos-personales/, creditos-personales](2)" classname="tests.BankSiteTests" time="1.971"/>
  <testcase name="verifySiteLinkSantander[Personas, creditos-hipotecarios/, creditos-hipotecarios](3)" classname="tests.BankSiteTests" time="1.923"/>
  <testcase name="verifySiteLinkSantander[Personas, simulador-hipotecario/, simulador-hipotecario](4)" classname="tests.BankSiteTests" time="2.626"/>
  <testcase name="verifySiteLinkSantander[Personas, credito-automotriz/, credito-automotriz](5)" classname="tests.BankSiteTests" time="2.226"/>
  <testcase name="verifySiteLinkSantander[Personas, buro-de-credito/, buro-de-credito](6)" classname="tests.BankSiteTests" time="2.007"/>
  <testcase name="verifySiteLinkSantander[Personas, santander-digital/, santander-digital](7)" classname="tests.BankSiteTests" time="1.463"/>
  <testcase name="verifySiteLinkSantander[Personas, app-santander/, app-santander](8)" classname="tests.BankSiteTests" time="1.507"/>
  <testcase name="verifySiteLinkSantander[Personas, santander-web/, santander-web](9)" classname="tests.BankSiteTests" time="2.031"/>
  <testcase name="verifySiteLinkSantander[Personas, limite-por-transaccion/, limite-por-transaccion](10)" classname="tests.BankSiteTests" time="1.509"/>
  <testcase name="verifySiteLinkSantander[Personas, personas/cuentas/, personas/cuentas](11)" classname="tests.BankSiteTests" time="2.134"/>
  <testcase name="verifySiteLinkSantander[Personas, cuentas/basica/, cuentas/basica](12)" classname="tests.BankSiteTests" time="1.899"/>
  <testcase name="verifySiteLinkSantander[Personas, basica-nomina/, basica-nomina](13)" classname="tests.BankSiteTests" time="1.95"/>
  <testcase name="verifySiteLinkSantander[Personas, cheque-saldo-promedio/, cheque-saldo-promedio](14)" classname="tests.BankSiteTests" time="1.942"/>
  <testcase name="verifySiteLinkSantander[Personas, portabilidad-de-nomina/, portabilidad-de-nomina](15)" classname="tests.BankSiteTests" time="2.203"/>
  <testcase name="verifySiteLinkSantander[Personas, #fondos-de-inversion, fondos-de-inversion](16)" classname="tests.BankSiteTests" time="2.128"/>
  <testcase name="verifySiteLinkSantander[Personas, #inversiones-a-plazo, inversiones-a-plazo](17)" classname="tests.BankSiteTests" time="2.12"/>
  <testcase name="verifySiteLinkSantander[Personas, #notas-estructuradas, notas-estructuradas](18)" classname="tests.BankSiteTests" time="2.122"/>
  <testcase name="verifySiteLinkSantander[Personas, seguros.html#auto, seguros.html#auto](19)" classname="tests.BankSiteTests" time="3.038"/>
  <testcase name="verifySiteLinkSantander[Personas, seguros.html#vida, seguros.html#vida](20)" classname="tests.BankSiteTests" time="2.286"/>
  <testcase name="verifySiteLinkSantander[Personas, seguros.html#hogar, seguros.html#hogar](21)" classname="tests.BankSiteTests" time="2.31"/>
  <testcase name="verifySiteLinkSantander[Personas, seguros.html#ahorro, seguros.html#ahorro](22)" classname="tests.BankSiteTests" time="3.01"/>
  <testcase name="verifySiteLinkSantander[Personas, seguros.html#gastos-medicos, gastos-medicos](23)" classname="tests.BankSiteTests" time="2.89"/>
  <testcase name="verifySiteLinkSantander[Personas, seguros.html#pertenencias, pertenencias](24)" classname="tests.BankSiteTests" time="3.0"/>
  <testcase name="verifySiteLinkSantander[Personas, superlinea.html, superlinea](25)" classname="tests.BankSiteTests" time="1.763"/>
  <testcase name="verifySiteLinkSantander[Personas, sucursales.html, sucursales](26)" classname="tests.BankSiteTests" time="2.609"/>
  <testcase name="verifySiteLinkSantander[Personas, cajeros-automaticos.html, cajeros-automaticos](27)" classname="tests.BankSiteTests" time="1.96"/>
  <testcase name="verifySiteLinkSantander[Personas, operaciones-canales-alternos/index.html, canales-alternos](28)" classname="tests.BankSiteTests" time="2.557"/>
  <testcase name="verifySiteLinkSantander[Personas, centro-de-ayuda.html, centro-de-ayuda](29)" classname="tests.BankSiteTests" time="1.789"/>
  <testcase name="verifySiteLinkSantander[Personas, centro-de-seguridad/, centro-de-seguridad](30)" classname="tests.BankSiteTests" time="1.899"/>
  <testcase name="verifySiteLinkSantander[Personas, tutoriales.html, tutoriales](31)" classname="tests.BankSiteTests" time="1.903"/>
  <testcase name="verifySiteLinkSantander[Personas, terminos-y-condiciones.html, tyc](32)" classname="tests.BankSiteTests" time="2.149"/>
  <testcase name="verifySiteLinkSantander[Personas, tramite-por-defuncion.html, tramite-por-defuncion](33)" classname="tests.BankSiteTests" time="1.945"/>
  <testcase name="verifySiteLinkSantander[Personas, select.html, select.html](34)" classname="tests.BankSiteTests" time="2.143"/>
  <testcase name="verifySiteLinkSantander[Personas, promociones/, promociones](35)" classname="tests.BankSiteTests" time="2.02"/>
  <testcase name="verifySiteLinkSantander[Personas, uniquerewards.santander.com.mx/web/home, uniquerewards](36)" classname="tests.BankSiteTests" time="2.758"/>
  <testcase name="verifySiteLinkSantander[Personas, mundohogar.com.mx  , mundohogar](37)" classname="tests.BankSiteTests" time="1.982"/>
  <testcase name="verifySiteLinkSantander[Personas, colectivos.html, colectivos](38)" classname="tests.BankSiteTests" time="2.191"/>
  <testcase name="verifySiteLinkSantander[Personas, cashback.html, cashback](39)" classname="tests.BankSiteTests" time="3.132"/>
  <testcase name="verifySiteLinkSantander[Empresas, bei/home.html, bei/home](40)" classname="tests.BankSiteTests" time="2.546"/>
  <testcase name="verifySiteLinkSantander[Empresas, multinacionales.html, multinacionales](41)" classname="tests.BankSiteTests" time="2.074"/>
  <testcase name="verifySiteLinkSantander[PyMes, pyme/cuentas.html, pyme/cuentas](42)" classname="tests.BankSiteTests" time="3.538"/>
  <testcase name="verifySiteLinkSantander[PyMes, pyme/creditos.html, pyme/creditos](43)" classname="tests.BankSiteTests" time="4.563"/>
  <testcase name="verifySiteLinkSantander[PyMes, pyme/seguros.html, pyme/seguros](44)" classname="tests.BankSiteTests" time="5.083"/>
  <testcase name="verifySiteLinkSantander[PyMes, coberturas-y-cambios.html, coberturas-y-cambios](45)" classname="tests.BankSiteTests" time="3.435"/>
  <testcase name="verifySiteLinkSantander[PyMes, negocio-internacional.html, negocio-internacional](46)" classname="tests.BankSiteTests" time="4.341"/>
  <testcase name="verifySiteLinkSantander[PyMes, paquetes-pymes.html, paquetes-pymes](47)" classname="tests.BankSiteTests" time="3.066"/>
  <testcase name="verifySiteLinkSantander[PyMes, alianzas.html, alianzas](48)" classname="tests.BankSiteTests" time="3.082"/>
  <testcase name="verifySiteLinkSantander[PyMes, negocio-transaccional.html, negocio-transaccional](49)" classname="tests.BankSiteTests" time="4.226"/>
  <testcase name="verifySiteLinkSantander[PyMes, ecosistemas-pyme.html, ecosistemas-pyme](50)" classname="tests.BankSiteTests" time="3.937"/>
  <testcase name="verifySiteLinkSantander[PyMes, pyme/inversiones.html, pyme/inversiones](51)" classname="tests.BankSiteTests" time="3.457"/>
  <testcase name="verifySiteLinkSantander[Acerca del Banco, fundacion-santander.html, fundacion-santander](52)" classname="tests.BankSiteTests" time="2.526"/>
  <testcase name="verifySiteLinkSantander[Acerca del Banco, personas/blog.html, blog](53)" classname="tests.BankSiteTests" time="5.651"/>
  <testcase name="verifySiteLinkSantander[Acerca del Banco, responsabilidad-social.html, responsabilidad-social](54)" classname="tests.BankSiteTests" time="2.766"/>
  <testcase name="verifySiteLinkSantander[Acerca del Banco, educacion-financiera/, educacion-financiera](55)" classname="tests.BankSiteTests" time="2.204"/>
  <testcase name="verifySiteLinkSantander[Acerca del Banco, ir/home/, ir/home](56)" classname="tests.BankSiteTests" time="3.263"/>
  <testcase name="verifySiteLinkSantander[Acerca del Banco, sala_prensa_2026.html, sala_prensa_2026](57)" classname="tests.BankSiteTests" time="12.983"/>
  <testcase name="verifySiteLinkSantander[Acerca del Banco, personas/bolsa-de-trabajo.html, bolsa-de-trabajo](58)" classname="tests.BankSiteTests" time="2.088"/>
</testsuite>