<?xml version="1.0" encoding="UTF-8"?>
<!-- Generated by org.testng.reporters.JUnitXMLReporter -->
<testsuite ignored="0" hostname="Lemmy" failures="0" tests="60" name="Santander - Links de Menu Principal" time="426.833" errors="0" timestamp="2026-09-08T23:18:15 CST">
  <testcase classname="tests.BankSiteTests" name="verifyBancaPrivada" time="2.007"/>
  <testcase classname="tests.BankSiteTests" name="verifyHazteCliente" time="1.868"/>
  <testcase classname="tests.BankSiteTests" name="verifySiteLinkSantander" time="1.483"/>
  <testcase classname="tests.BankSiteTests" name="verifySiteLinkSantander" time="1.966"/>
  <testcase classname="tests.BankSiteTests" name="verifySiteLinkSantander" time="1.924"/>
  <testcase classname="tests.BankSiteTests" name="verifySiteLinkSantander" time="2.626"/>
  <testcase classname="tests.BankSiteTests" name="verifySiteLinkSantander" time="2.227"/>
  <testcase classname="tests.BankSiteTests" name="verifySiteLinkSantander" time="2.006"/>
  <testcase classname="tests.BankSiteTests" name="verifySiteLinkSantander" time="1.463"/>
  <testcase classname="tests.BankSiteTests" name="verifySiteLinkSantander" time="1.507"/>
  <testcase classname="tests.BankSiteTests" name="verifySiteLinkSantander" time="2.032"/>
  <testcase classname="tests.BankSiteTests" name="verifySiteLinkSantander" time="1.51"/>
  <testcase classname="tests.BankSiteTests" name="verifySiteLinkSantander" time="2.134"/>
  <testcase classname="tests.BankSiteTests" name="verifySiteLinkSantander" time="1.899"/>
  <testcase classname="tests.BankSiteTests" name="verifySiteLinkSantander" time="1.95"/>
  <testcase classname="tests.BankSiteTests" name="verifySiteLinkSantander" time="1.942"/>
  <testcase classname="tests.BankSiteTests" name="verifySiteLinkSantander" time="2.203"/>
  <testcase classname="tests.BankSiteTests" name="verifySiteLinkSantander" time="2.13"/>
  <testcase classname="tests.BankSiteTests" name="verifySiteLinkSantander" time="2.12"/>
  <testcase classname="tests.BankSiteTests" name="verifySiteLinkSantander" time="2.122"/>
  <testcase classname="tests.BankSiteTests" name="verifySiteLinkSantander" time="3.038"/>
  <testcase classname="tests.BankSiteTests" name="verifySiteLinkSantander" time="2.286"/>
  <testcase classname="tests.BankSiteTests" name="verifySiteLinkSantander" time="2.31"/>
  <testcase classname="tests.BankSiteTests" name="verifySiteLinkSantander" time="3.01"/>
  <testcase classname="tests.BankSiteTests" name="verifySiteLinkSantander" time="2.889"/>
  <testcase classname="tests.BankSiteTests" name="verifySiteLinkSantander" time="3.001"/>
  <testcase classname="tests.BankSiteTests" name="verifySiteLinkSantander" time="1.764"/>
  <testcase classname="tests.BankSiteTests" name="verifySiteLinkSantander" time="2.609"/>
  <testcase classname="tests.BankSiteTests" name="verifySiteLinkSantander" time="1.96"/>
  <testcase classname="tests.BankSiteTests" name="verifySiteLinkSantander" time="2.557"/>
  <testcase classname="tests.BankSiteTests" name="verifySiteLinkSantander" time="1.789"/>
  <testcase classname="tests.BankSiteTests" name="verifySiteLinkSantander" time="1.9"/>
  <testcase classname="tests.BankSiteTests" name="verifySiteLinkSantander" time="1.905"/>
  <testcase classname="tests.BankSiteTests" name="verifySiteLinkSantander" time="2.149"/>
  <testcase classname="tests.BankSiteTests" name="verifySiteLinkSantander" time="1.945"/>
  <testcase classname="tests.BankSiteTests" name="verifySiteLinkSantander" time="2.144"/>
  <testcase classname="tests.BankSiteTests" name="verifySiteLinkSantander" time="2.02"/>
  <testcase classname="tests.BankSiteTests" name="verifySiteLinkSantander" time="2.758"/>
  <testcase classname="tests.BankSiteTests" name="verifySiteLinkSantander" time="1.982"/>
  <testcase classname="tests.BankSiteTests" name="verifySiteLinkSantander" time="2.188"/>
  <testcase classname="tests.BankSiteTests" name="verifySiteLinkSantander" time="3.132"/>
  <testcase classname="tests.BankSiteTests" name="verifySiteLinkSantander" time="2.548"/>
  <testcase classname="tests.BankSiteTests" name="verifySiteLinkSantander" time="2.074"/>
  <testcase classname="tests.BankSiteTests" name="verifySiteLinkSantander" time="3.537"/>
  <testcase classname="tests.BankSiteTests" name="verifySiteLinkSantander" time="4.563"/>
  <testcase classname="tests.BankSiteTests" name="verifySiteLinkSantander" time="5.083"/>
  <testcase classname="tests.BankSiteTests" name="verifySiteLinkSantander" time="3.435"/>
  <testcase classname="tests.BankSiteTests" name="verifySiteLinkSantander" time="4.341"/>
  <testcase classname="tests.BankSiteTests" name="verifySiteLinkSantander" time="3.066"/>
  <testcase classname="tests.BankSiteTests" name="verifySiteLinkSantander" time="3.081"/>
  <testcase classname="tests.BankSiteTests" name="verifySiteLinkSantander" time="4.227"/>
  <testcase classname="tests.BankSiteTests" name="verifySiteLinkSantander" time="3.936"/>
  <testcase classname="tests.BankSiteTests" name="verifySiteLinkSantander" time="3.456"/>
  <testcase classname="tests.BankSiteTests" name="verifySiteLinkSantander" time="2.526"/>
  <testcase classname="tests.BankSiteTests" name="verifySiteLinkSantander" time="5.65"/>
  <testcase classname="tests.BankSiteTests" name="verifySiteLinkSantander" time="2.766"/>
  <testcase classname="tests.BankSiteTests" name="verifySiteLinkSantander" time="2.203"/>
  <testcase classname="tests.BankSiteTests" name="verifySiteLinkSantander" time="3.263"/>
  <testcase classname="tests.BankSiteTests" name="verifySiteLinkSantander" time="12.983"/>
  <testcase classname="tests.BankSiteTests" name="verifySiteLinkSantander" time="2.087"/>
</testsuite> <!-- Santander - Links de Menu Principal -->
